<?xml version="1.0" encoding="UTF-8"?>
<!-- Generated by org.testng.reporters.JUnitXMLReporter -->
<testsuite ignored="0" hostname="LTB0228121-MAC.local" failures="0" tests="3" name="Default test" time="3.519" errors="0" timestamp="2022-11-23T13:43:02 IST">
  <testcase classname="mavenTest.TestMaven" name="availableSeatsDetails" time="0.941"/>
  <testcase classname="mavenTest.TestMaven" name="openGoogle" time="2.458"/>
  <testcase classname="mavenTest.TestMaven" name="stateDetails" time="0.091"/>
</testsuite> <!-- Default test -->
