<?xml version="1.0" encoding="UTF-8"?>
<testng-results ignored="0" total="3" passed="3" failed="0" skipped="0">
  <reporter-output>
  </reporter-output>
  <suite started-at="2022-11-23T13:42:59 IST" name="Default suite" finished-at="2022-11-23T13:43:02 IST" duration-ms="3519">
    <groups>
    </groups>
    <test started-at="2022-11-23T13:42:59 IST" name="Default test" finished-at="2022-11-23T13:43:02 IST" duration-ms="3519">
      <class name="mavenTest.TestMaven">
        <test-method is-config="true" signature="beforeSuite()[pri:0, instance:mavenTest.TestMaven@2a265ea9]" started-at="2022-11-23T13:42:55 IST" name="beforeSuite" finished-at="2022-11-23T13:42:59 IST" duration-ms="4263" status="PASS">
          <reporter-output>
          </reporter-output>
        </test-method> <!-- beforeSuite -->
        <test-method signature="availableSeatsDetails(java.lang.reflect.Method)[pri:0, instance:mavenTest.TestMaven@2a265ea9]" started-at="2022-11-23T13:42:59 IST" name="availableSeatsDetails" finished-at="2022-11-23T13:43:00 IST" duration-ms="941" status="PASS">
          <params>
            <param index="0">
              <value>
                <![CDATA[public void mavenTest.TestMaven.availableSeatsDetails(java.lang.reflect.Method)]]>
              </value>
            </param>
          </params>
          <reporter-output>
          </reporter-output>
        </test-method> <!-- availableSeatsDetails -->
        <test-method signature="openGoogle(java.lang.reflect.Method)[pri:0, instance:mavenTest.TestMaven@2a265ea9]" started-at="2022-11-23T13:43:00 IST" name="openGoogle" finished-at="2022-11-23T13:43:02 IST" duration-ms="2458" status="PASS">
          <params>
            <param index="0">
              <value>
                <![CDATA[public void mavenTest.TestMaven.openGoogle(java.lang.reflect.Method)]]>
              </value>
            </param>
          </params>
          <reporter-output>
          </reporter-output>
        </test-method> <!-- openGoogle -->
        <test-method signature="stateDetails(java.lang.reflect.Method)[pri:0, instance:mavenTest.TestMaven@2a265ea9]" started-at="2022-11-23T13:43:02 IST" name="stateDetails" finished-at="2022-11-23T13:43:02 IST" duration-ms="91" status="PASS">
          <params>
            <param index="0">
              <value>
                <![CDATA[public void mavenTest.TestMaven.stateDetails(java.lang.reflect.Method)]]>
              </value>
            </param>
          </params>
          <reporter-output>
          </reporter-output>
        </test-method> <!-- stateDetails -->
      </class> <!-- mavenTest.TestMaven -->
    </test> <!-- Default test -->
  </suite> <!-- Default suite -->
</testng-results>
